1721162387298:help
1721162407072:exit
1721162523918:help
1721162599272:add CAT ORDINARY 2 20
1721162621847:add CAT ORDINARY 2 0 20
1721162721348:add CAR ORDINARY 2 0 10
1721162727660:display-stocks
1721162783180:help
1721162825080:capture-trade CAR BUY 23 56
1721162922093:calculate-dividend-yield CAR 53
1721162972881:calculate-dividend-yield CAR 4
1721163018950:add CAR ORDINARY 2 30 4
1721163029899:display-stocks
1721163038531:calculate-dividend-yield CAR 4
1721163400250:add CAR ORDINARY 10 0 100
1721163425739:calculate-dividend-yield CAR 10
1721163445427:calculate-dividend-yield CAR 100
1721163743748:add CAR ORDINARY 100 0 2
1721163759473:calculate-dividend-yield CAR 10
1721163781796:add BAT ORDINARY 2 0 10
1721163789484:calculate-dividend-yield BAT 4
1721163982348:add SHA PREFERRED 60 5 200
1721163990980:calculate-dividend-yield SHA 4
1721164030304:add CAT PREFERRED 250 0 100
1721164037325:calculate-dividend-yield CAT 20
1721164227879:add CAR PREFERRED 250 5 10
1721164229900:calculate-dividend-yield CAT 20
1721164235529:calculate-dividend-yield CAR 20
1721164264051:add BOS ORDINARY 100 0 10
1721164268946:calculate-dividend-yield BOS 20
1721164288083:exit
1721164443634:add CAR ORDINARY 100 10
1721164467721:add SES PREFERRED 100 45
1721164478401:stacktrace
1721165031948:help
1721165203531:add CAR ORDINARY 100 10 0
1721165282105:calculate-dividend-yield CAR 10
